Assembler report for cycloneIII_3c25_niosII_standard
Mon Jun 23 00:37:25 2008
Quartus II Version 8.0 Build 215 05/29/2008 SJ Full Version


---------------------
; Table of Contents ;
---------------------
  1. Legal Notice
  2. Assembler Summary
  3. Assembler Settings
  4. Assembler Generated Files
  5. Assembler Device Options: cycloneIII_3c25_niosII_standard.sof
  6. Assembler Messages



----------------
; Legal Notice ;
----------------
Copyright (C) 1991-2008 Altera Corporation
Your use of Altera Corporation's design tools, logic functions 
and other software and tools, and its AMPP partner logic 
functions, and any output files from any of the foregoing 
(including device programming or simulation files), and any 
associated documentation or information are expressly subject 
to the terms and conditions of the Altera Program License 
Subscription Agreement, Altera MegaCore Function License 
Agreement, or other applicable license agreement, including, 
without limitation, that your use is for the sole purpose of 
programming logic devices manufactured by Altera and sold by 
Altera or its authorized distributors.  Please refer to the 
applicable agreement for further details.



+---------------------------------------------------------------+
; Assembler Summary                                             ;
+-----------------------+---------------------------------------+
; Assembler Status      ; Successful - Mon Jun 23 00:37:25 2008 ;
; Revision Name         ; cycloneIII_3c25_niosII_standard       ;
; Top-level Entity Name ; cycloneIII_3c25_niosII_standard       ;
; Family                ; Cyclone III                           ;
; Device                ; EP3C25F324C8                          ;
+-----------------------+---------------------------------------+


+--------------------------------------------------------------------------------------------------------+
; Assembler Settings                                                                                     ;
+-----------------------------------------------------------------------------+----------+---------------+
; Option                                                                      ; Setting  ; Default Value ;
+-----------------------------------------------------------------------------+----------+---------------+
; Maximum processors allowed for parallel compilation                         ; All      ; 1             ;
; Generate compressed bitstreams                                              ; Off      ; On            ;
; Use configuration device                                                    ; Off      ; On            ;
; Use smart compilation                                                       ; Off      ; Off           ;
; Compression mode                                                            ; Off      ; Off           ;
; Clock source for configuration device                                       ; Internal ; Internal      ;
; Clock frequency of the configuration device                                 ; 10 MHZ   ; 10 MHz        ;
; Divide clock frequency by                                                   ; 1        ; 1             ;
; Auto user code                                                              ; Off      ; Off           ;
; Configuration device                                                        ; Auto     ; Auto          ;
; Configuration device auto user code                                         ; Off      ; Off           ;
; Generate Tabular Text File (.ttf) For Target Device                         ; Off      ; Off           ;
; Generate Raw Binary File (.rbf) For Target Device                           ; Off      ; Off           ;
; Generate Hexadecimal (Intel-Format) Output File (.hexout) for Target Device ; Off      ; Off           ;
; Hexadecimal Output File start address                                       ; 0        ; 0             ;
; Hexadecimal Output File count direction                                     ; Up       ; Up            ;
; Release clears before tri-states                                            ; Off      ; Off           ;
; Auto-restart configuration after error                                      ; On       ; On            ;
; Enable OCT_DONE                                                             ; Off      ; Off           ;
+-----------------------------------------------------------------------------+----------+---------------+


+-------------------------------------+
; Assembler Generated Files           ;
+-------------------------------------+
; File Name                           ;
+-------------------------------------+
; cycloneIII_3c25_niosII_standard.sof ;
+-------------------------------------+


+---------------------------------------------------------------+
; Assembler Device Options: cycloneIII_3c25_niosII_standard.sof ;
+----------------+----------------------------------------------+
; Option         ; Setting                                      ;
+----------------+----------------------------------------------+
; Device         ; EP3C25F324C8                                 ;
; JTAG usercode  ; 0xFFFFFFFF                                   ;
; Checksum       ; 0x006EE2EC                                   ;
+----------------+----------------------------------------------+


+--------------------+
; Assembler Messages ;
+--------------------+
Info: *******************************************************************
Info: Running Quartus II Assembler
    Info: Version 8.0 Build 215 05/29/2008 SJ Full Version
    Info: Processing started: Mon Jun 23 00:37:14 2008
Info: Command: quartus_asm --read_settings_files=off --write_settings_files=off cycloneIII_3c25_niosII_standard -c cycloneIII_3c25_niosII_standard
Info: Writing out detailed assembly data for power analysis
Info: Assembler is generating device programming files
Info: Quartus II Assembler was successful. 0 errors, 0 warnings
    Info: Processing ended: Mon Jun 23 00:37:26 2008
    Info: Elapsed time: 00:00:12
    Info: Total CPU time (on all processors): 00:00:09


