EDA Netlist Writer report for DE0_TOP
Thu Feb 13 18:08:32 2014
Quartus II Version 11.0 Build 208 07/03/2011 Service Pack 1 SJ Full Version


---------------------
; Table of Contents ;
---------------------
  1. Legal Notice
  2. EDA Netlist Writer Summary
  3. Simulation Settings
  4. Simulation Generated Files
  5. EDA Netlist Writer Messages



----------------
; Legal Notice ;
----------------
Copyright (C) 1991-2011 Altera Corporation
Your use of Altera Corporation's design tools, logic functions 
and other software and tools, and its AMPP partner logic 
functions, and any output files from any of the foregoing 
(including device programming or simulation files), and any 
associated documentation or information are expressly subject 
to the terms and conditions of the Altera Program License 
Subscription Agreement, Altera MegaCore Function License 
Agreement, or other applicable license agreement, including, 
without limitation, that your use is for the sole purpose of 
programming logic devices manufactured by Altera and sold by 
Altera or its authorized distributors.  Please refer to the 
applicable agreement for further details.



+-------------------------------------------------------------------+
; EDA Netlist Writer Summary                                        ;
+---------------------------+---------------------------------------+
; EDA Netlist Writer Status ; Successful - Thu Feb 13 18:08:32 2014 ;
; Revision Name             ; DE0_TOP                               ;
; Top-level Entity Name     ; DE0_TOP                               ;
; Family                    ; Cyclone III                           ;
; Simulation Files Creation ; Successful                            ;
+---------------------------+---------------------------------------+


+----------------------------------------------------------------------------------------------------------------------------+
; Simulation Settings                                                                                                        ;
+---------------------------------------------------------------------------------------------------+------------------------+
; Option                                                                                            ; Setting                ;
+---------------------------------------------------------------------------------------------------+------------------------+
; Tool Name                                                                                         ; ModelSim-Altera (VHDL) ;
; Generate netlist for functional simulation only                                                   ; Off                    ;
; Time scale                                                                                        ; 1 ps                   ;
; Truncate long hierarchy paths                                                                     ; Off                    ;
; Map illegal HDL characters                                                                        ; Off                    ;
; Flatten buses into individual nodes                                                               ; Off                    ;
; Maintain hierarchy                                                                                ; Off                    ;
; Bring out device-wide set/reset signals as ports                                                  ; Off                    ;
; Enable glitch filtering                                                                           ; Off                    ;
; Do not write top level VHDL entity                                                                ; Off                    ;
; Disable detection of setup and hold time violations in the input registers of bi-directional pins ; Off                    ;
; Architecture name in VHDL output netlist                                                          ; structure              ;
; Generate third-party EDA tool command script for RTL functional simulation                        ; Off                    ;
; Generate third-party EDA tool command script for gate-level simulation                            ; Off                    ;
+---------------------------------------------------------------------------------------------------+------------------------+


+---------------------------------------------------------------------------------------------------------------+
; Simulation Generated Files                                                                                    ;
+---------------------------------------------------------------------------------------------------------------+
; Generated Files                                                                                               ;
+---------------------------------------------------------------------------------------------------------------+
; /home/netlab/s2hughes/Altera_Systems_Labs/EDM_Standard/simulation/modelsim/DE0_TOP_6_1200mv_85c_slow.vho      ;
; /home/netlab/s2hughes/Altera_Systems_Labs/EDM_Standard/simulation/modelsim/DE0_TOP_6_1200mv_0c_slow.vho       ;
; /home/netlab/s2hughes/Altera_Systems_Labs/EDM_Standard/simulation/modelsim/DE0_TOP_min_1200mv_0c_fast.vho     ;
; /home/netlab/s2hughes/Altera_Systems_Labs/EDM_Standard/simulation/modelsim/DE0_TOP.vho                        ;
; /home/netlab/s2hughes/Altera_Systems_Labs/EDM_Standard/simulation/modelsim/DE0_TOP_6_1200mv_85c_vhd_slow.sdo  ;
; /home/netlab/s2hughes/Altera_Systems_Labs/EDM_Standard/simulation/modelsim/DE0_TOP_6_1200mv_0c_vhd_slow.sdo   ;
; /home/netlab/s2hughes/Altera_Systems_Labs/EDM_Standard/simulation/modelsim/DE0_TOP_min_1200mv_0c_vhd_fast.sdo ;
; /home/netlab/s2hughes/Altera_Systems_Labs/EDM_Standard/simulation/modelsim/DE0_TOP_vhd.sdo                    ;
+---------------------------------------------------------------------------------------------------------------+


+-----------------------------+
; EDA Netlist Writer Messages ;
+-----------------------------+
Info: *******************************************************************
Info: Running Quartus II EDA Netlist Writer
    Info: Version 11.0 Build 208 07/03/2011 Service Pack 1 SJ Full Version
    Info: Processing started: Thu Feb 13 18:08:14 2014
Info: Command: quartus_eda --read_settings_files=off --write_settings_files=off DE0_TOP -c DE0_TOP
Info: Generated simulation netlist will be non-hierarchical because the design has SignalTap II partitions, termination control logic and/or a design partition that contains bidirectional ports
Info: Generated file DE0_TOP_6_1200mv_85c_slow.vho in folder "/home/netlab/s2hughes/Altera_Systems_Labs/EDM_Standard/simulation/modelsim/" for EDA simulation tool
Info: Generated file DE0_TOP_6_1200mv_0c_slow.vho in folder "/home/netlab/s2hughes/Altera_Systems_Labs/EDM_Standard/simulation/modelsim/" for EDA simulation tool
Info: Generated file DE0_TOP_min_1200mv_0c_fast.vho in folder "/home/netlab/s2hughes/Altera_Systems_Labs/EDM_Standard/simulation/modelsim/" for EDA simulation tool
Info: Generated file DE0_TOP.vho in folder "/home/netlab/s2hughes/Altera_Systems_Labs/EDM_Standard/simulation/modelsim/" for EDA simulation tool
Info: Generated file DE0_TOP_6_1200mv_85c_vhd_slow.sdo in folder "/home/netlab/s2hughes/Altera_Systems_Labs/EDM_Standard/simulation/modelsim/" for EDA simulation tool
Info: Generated file DE0_TOP_6_1200mv_0c_vhd_slow.sdo in folder "/home/netlab/s2hughes/Altera_Systems_Labs/EDM_Standard/simulation/modelsim/" for EDA simulation tool
Info: Generated file DE0_TOP_min_1200mv_0c_vhd_fast.sdo in folder "/home/netlab/s2hughes/Altera_Systems_Labs/EDM_Standard/simulation/modelsim/" for EDA simulation tool
Info: Generated file DE0_TOP_vhd.sdo in folder "/home/netlab/s2hughes/Altera_Systems_Labs/EDM_Standard/simulation/modelsim/" for EDA simulation tool
Info: Quartus II EDA Netlist Writer was successful. 0 errors, 0 warnings
    Info: Peak virtual memory: 361 megabytes
    Info: Processing ended: Thu Feb 13 18:08:33 2014
    Info: Elapsed time: 00:00:19
    Info: Total CPU time (on all processors): 00:00:17


